<?xml version="1.1" encoding="UTF-8"?>
<testsuite name="com.tumivn.mvcsample.tests.SampleTest" tests="1" failures="0" errors="0" timestamp="2013-11-23T19:48:14" hostname="VAIO" time="0.001">
  <properties/>
  <testcase name="sample" classname="com.tumivn.mvcsample.tests.SampleTest" time="0.001"/>
  <system-out><![CDATA[]]></system-out>
  <system-err><![CDATA[]]></system-err>
</testsuite>
